Using pre-set license
Built from '2020.3/staging' branch; Version is '2020.3.4f1 (0abb6314276a) revision 703331'; Using compiler version '192528614'; Build Type 'Release'
OS: 'Windows 10 Pro; OS build 19041.1110; Version 2004; 64bit' Language: 'ko' Physical Memory: 16322 MB
BatchMode: 1, IsHumanControllingUs: 0, StartBugReporterOnCrash: 0, Is64bit: 1, IsPro: 0

 COMMAND LINE ARGUMENTS:
C:\Program Files\Unity\Hub\Editor\2020.3.4f1\Editor\Unity.exe
-adb2
-batchMode
-noUpm
-name
AssetImportWorker0
-projectPath
C:/Users/khjj0/Documents/Project/Monment
-logFile
Logs/AssetImportWorker0.log
-srvPort
11246
Successfully changed project path to: C:/Users/khjj0/Documents/Project/Monment
C:/Users/khjj0/Documents/Project/Monment
Using Asset Import Pipeline V2.
Refreshing native plugins compatible for Editor in 38.98 ms, found 1 plugins.
Preloading 0 native plugins for Editor in 0.00 ms.
Initialize engine version: 2020.3.4f1 (0abb6314276a)
[Subsystems] Discovering subsystems at path C:/Program Files/Unity/Hub/Editor/2020.3.4f1/Editor/Data/Resources/UnitySubsystems
[Subsystems] Discovering subsystems at path C:/Users/khjj0/Documents/Project/Monment/Assets
GfxDevice: creating device client; threaded=0
Direct3D:
    Version:  Direct3D 11.0 [level 11.1]
    Renderer: NVIDIA GeForce GTX 1660 SUPER (ID=0x21c4)
    Vendor:   
    VRAM:     5991 MB
    Driver:   27.21.14.5671
Initialize mono
Mono path[0] = 'C:/Program Files/Unity/Hub/Editor/2020.3.4f1/Editor/Data/Managed'
Mono path[1] = 'C:/Program Files/Unity/Hub/Editor/2020.3.4f1/Editor/Data/MonoBleedingEdge/lib/mono/unityjit'
Mono config path = 'C:/Program Files/Unity/Hub/Editor/2020.3.4f1/Editor/Data/MonoBleedingEdge/etc'
Using monoOptions --debugger-agent=transport=dt_socket,embedding=1,server=y,suspend=n,address=127.0.0.1:56776
Begin MonoManager ReloadAssembly
Registering precompiled unity dll's ...
Register platform support module: C:/Program Files/Unity/Hub/Editor/2020.3.4f1/Editor/Data/PlaybackEngines/WindowsStandaloneSupport/UnityEditor.WindowsStandalone.Extensions.dll
Registered in 0.001773 seconds.
Native extension for WindowsStandalone target not found
Refreshing native plugins compatible for Editor in 39.84 ms, found 1 plugins.
Preloading 0 native plugins for Editor in 0.00 ms.
Mono: successfully reloaded assembly
- Completed reload, in  1.573 seconds
Platform modules already initialized, skipping
Registering precompiled user dll's ...
Registered in 0.001725 seconds.
Begin MonoManager ReloadAssembly
Native extension for WindowsStandalone target not found
Refreshing native plugins compatible for Editor in 37.12 ms, found 1 plugins.
Preloading 0 native plugins for Editor in 0.00 ms.
Mono: successfully reloaded assembly
- Completed reload, in  0.848 seconds
Platform modules already initialized, skipping
========================================================================
Worker process is ready to serve import requests
Launched and connected shader compiler UnityShaderCompiler.exe after 0.04 seconds
Refreshing native plugins compatible for Editor in 0.36 ms, found 1 plugins.
Preloading 0 native plugins for Editor in 0.00 ms.
Unloading 2069 Unused Serialized files (Serialized files now loaded: 0)
System memory in use before: 92.4 MB.
System memory in use after: 92.4 MB.

Unloading 26 unused Assets to reduce memory usage. Loaded Objects now: 2515.
Total: 1.828400 ms (FindLiveObjects: 0.250700 ms CreateObjectMapping: 0.118700 ms MarkObjects: 1.342200 ms  DeleteObjects: 0.115900 ms)

========================================================================
Received Import Request.
  path: Assets/Scenes/SampleScene.unity
  artifactKey: Guid(2cda990e2423bbf4892e6590ba056729) Importer(815301076,1909f56bfc062723c751e8b465ee728b)
Start importing Assets/Scenes/SampleScene.unity using Guid(2cda990e2423bbf4892e6590ba056729) Importer(815301076,1909f56bfc062723c751e8b465ee728b)  -> (artifact id: '77fd8286cfc65fd446235a14b55876c6') in 0.013706 seconds
  Import took 0.016878 seconds .

========================================================================
Received Import Request.
  Time since last request: 2.475569 seconds.
  path: Assets/Scripts/Prop
  artifactKey: Guid(ad81241fabe062041855185a125a3f8e) Importer(815301076,1909f56bfc062723c751e8b465ee728b)
Start importing Assets/Scripts/Prop using Guid(ad81241fabe062041855185a125a3f8e) Importer(815301076,1909f56bfc062723c751e8b465ee728b)  -> (artifact id: '0b02c986847b526bcd1e4f78a2183976') in 0.005926 seconds
  Import took 0.008866 seconds .

========================================================================
Received Import Request.
  Time since last request: 0.429698 seconds.
  path: Assets/Scripts/Prop/Prop.cs
  artifactKey: Guid(a38bb418d8c129d459ce4f891faa3088) Importer(815301076,1909f56bfc062723c751e8b465ee728b)
Start importing Assets/Scripts/Prop/Prop.cs using Guid(a38bb418d8c129d459ce4f891faa3088) Importer(815301076,1909f56bfc062723c751e8b465ee728b)  -> (artifact id: 'f8757089218b58f7e869df9e3d83f635') in 0.028159 seconds
  Import took 0.031021 seconds .

========================================================================
Received Import Request.
  Time since last request: 15.516199 seconds.
  path: Assets/Scripts/Manager
  artifactKey: Guid(c99a65be646c95f4dbb3b3d1e3f47287) Importer(815301076,1909f56bfc062723c751e8b465ee728b)
Start importing Assets/Scripts/Manager using Guid(c99a65be646c95f4dbb3b3d1e3f47287) Importer(815301076,1909f56bfc062723c751e8b465ee728b)  -> (artifact id: '5b8c2dbe661a2d92f3760ba37527c7f7') in 0.005293 seconds
  Import took 0.008153 seconds .

========================================================================
Received Import Request.
  Time since last request: 0.535274 seconds.
  path: Assets/Scripts/Unit
  artifactKey: Guid(1038b5f226ccd3a4e8770f8b76710e31) Importer(815301076,1909f56bfc062723c751e8b465ee728b)
Start importing Assets/Scripts/Unit using Guid(1038b5f226ccd3a4e8770f8b76710e31) Importer(815301076,1909f56bfc062723c751e8b465ee728b)  -> (artifact id: 'f5ad0289f19558aa1ed9c3c97ad6dfe2') in 0.005572 seconds
  Import took 0.008443 seconds .

========================================================================
Received Import Request.
  Time since last request: 1.806559 seconds.
  path: Assets/Scripts/Prop/Thorn.cs
  artifactKey: Guid(13fc8cd39ff7452498efe098c0b8bb5c) Importer(815301076,1909f56bfc062723c751e8b465ee728b)
Start importing Assets/Scripts/Prop/Thorn.cs using Guid(13fc8cd39ff7452498efe098c0b8bb5c) Importer(815301076,1909f56bfc062723c751e8b465ee728b)  -> (artifact id: '2790b53aebfc802e3f3157b4d5d7adda') in 0.005335 seconds
  Import took 0.008210 seconds .

========================================================================
Received Import Request.
  Time since last request: 1.299025 seconds.
  path: Assets/Scripts/Prop/Thorn.cs
  artifactKey: Guid(13fc8cd39ff7452498efe098c0b8bb5c) Importer(815301076,1909f56bfc062723c751e8b465ee728b)
Start importing Assets/Scripts/Prop/Thorn.cs using Guid(13fc8cd39ff7452498efe098c0b8bb5c) Importer(815301076,1909f56bfc062723c751e8b465ee728b)  -> (artifact id: '2790b53aebfc802e3f3157b4d5d7adda') in 0.001671 seconds
  Import took 0.004575 seconds .

========================================================================
Received Import Request.
  Time since last request: 1.335789 seconds.
  path: Assets/Scripts/Manager/FlowManager.cs
  artifactKey: Guid(71561148dca4c324f912c86193ef3ea9) Importer(815301076,1909f56bfc062723c751e8b465ee728b)
Start importing Assets/Scripts/Manager/FlowManager.cs using Guid(71561148dca4c324f912c86193ef3ea9) Importer(815301076,1909f56bfc062723c751e8b465ee728b)  -> (artifact id: '535e0374d1399df8be28dc567f46a7a3') in 0.005315 seconds
  Import took 0.008221 seconds .

========================================================================
Received Import Request.
  Time since last request: 2.016129 seconds.
  path: Assets/Scripts/InputModule/KeyEvent.cs
  artifactKey: Guid(a0a68c5dffcd0c94dacd749a8213eeac) Importer(815301076,1909f56bfc062723c751e8b465ee728b)
Start importing Assets/Scripts/InputModule/KeyEvent.cs using Guid(a0a68c5dffcd0c94dacd749a8213eeac) Importer(815301076,1909f56bfc062723c751e8b465ee728b)  -> (artifact id: '1ee2106bdb1c12f9398515be210670f7') in 0.005261 seconds
  Import took 0.008247 seconds .

========================================================================
Received Prepare
Registering precompiled user dll's ...
Registered in 0.001653 seconds.
Begin MonoManager ReloadAssembly
Native extension for WindowsStandalone target not found
Refreshing native plugins compatible for Editor in 0.36 ms, found 1 plugins.
Preloading 0 native plugins for Editor in 0.00 ms.
Mono: successfully reloaded assembly
- Completed reload, in  0.784 seconds
Platform modules already initialized, skipping
Refreshing native plugins compatible for Editor in 0.36 ms, found 1 plugins.
Preloading 0 native plugins for Editor in 0.00 ms.
Unloading 2065 Unused Serialized files (Serialized files now loaded: 0)
System memory in use before: 92.4 MB.
System memory in use after: 92.4 MB.

Unloading 14 unused Assets to reduce memory usage. Loaded Objects now: 2520.
Total: 1.965300 ms (FindLiveObjects: 0.252600 ms CreateObjectMapping: 0.098500 ms MarkObjects: 1.525000 ms  DeleteObjects: 0.088400 ms)

========================================================================
Received Prepare
Registering precompiled user dll's ...
Registered in 0.001806 seconds.
Begin MonoManager ReloadAssembly
Native extension for WindowsStandalone target not found
Refreshing native plugins compatible for Editor in 0.36 ms, found 1 plugins.
Preloading 0 native plugins for Editor in 0.00 ms.
Mono: successfully reloaded assembly
- Completed reload, in  0.777 seconds
Platform modules already initialized, skipping
Refreshing native plugins compatible for Editor in 0.37 ms, found 1 plugins.
Preloading 0 native plugins for Editor in 0.00 ms.
Unloading 2066 Unused Serialized files (Serialized files now loaded: 0)
System memory in use before: 92.5 MB.
System memory in use after: 92.5 MB.

Unloading 14 unused Assets to reduce memory usage. Loaded Objects now: 2525.
Total: 2.053100 ms (FindLiveObjects: 0.292800 ms CreateObjectMapping: 0.080800 ms MarkObjects: 1.587100 ms  DeleteObjects: 0.091500 ms)

========================================================================
Received Import Request.
  Time since last request: 282.297595 seconds.
  path: Assets/Scripts/Unit/Player.cs
  artifactKey: Guid(c68d677950486c443b0dbb9e4c104429) Importer(815301076,1909f56bfc062723c751e8b465ee728b)
Start importing Assets/Scripts/Unit/Player.cs using Guid(c68d677950486c443b0dbb9e4c104429) Importer(815301076,1909f56bfc062723c751e8b465ee728b)  -> (artifact id: 'fe16eaf01941e9f5682bb8f7b7f0d818') in 0.009111 seconds
  Import took 0.012459 seconds .

========================================================================
Received Import Request.
  Time since last request: 0.000864 seconds.
  path: Assets/Scripts/Unit/Player.cs
  artifactKey: Guid(c68d677950486c443b0dbb9e4c104429) Importer(815301076,1909f56bfc062723c751e8b465ee728b)
Start importing Assets/Scripts/Unit/Player.cs using Guid(c68d677950486c443b0dbb9e4c104429) Importer(815301076,1909f56bfc062723c751e8b465ee728b)  -> (artifact id: 'fe16eaf01941e9f5682bb8f7b7f0d818') in 0.001687 seconds
  Import took 0.005212 seconds .

========================================================================
Received Prepare
Registering precompiled user dll's ...
Registered in 0.001881 seconds.
Begin MonoManager ReloadAssembly
Native extension for WindowsStandalone target not found
Refreshing native plugins compatible for Editor in 0.40 ms, found 1 plugins.
Preloading 0 native plugins for Editor in 0.00 ms.
Mono: successfully reloaded assembly
- Completed reload, in  0.837 seconds
Platform modules already initialized, skipping
Refreshing native plugins compatible for Editor in 0.38 ms, found 1 plugins.
Preloading 0 native plugins for Editor in 0.00 ms.
Unloading 2066 Unused Serialized files (Serialized files now loaded: 0)
System memory in use before: 92.5 MB.
System memory in use after: 92.5 MB.

Unloading 14 unused Assets to reduce memory usage. Loaded Objects now: 2529.
Total: 1.907900 ms (FindLiveObjects: 0.202200 ms CreateObjectMapping: 0.076500 ms MarkObjects: 1.537300 ms  DeleteObjects: 0.090300 ms)

========================================================================
Received Import Request.
  Time since last request: 163.974526 seconds.
  path: Assets/Animation
  artifactKey: Guid(ff24a139c9570b344b2805e8e4e310ba) Importer(815301076,1909f56bfc062723c751e8b465ee728b)
Start importing Assets/Animation using Guid(ff24a139c9570b344b2805e8e4e310ba) Importer(815301076,1909f56bfc062723c751e8b465ee728b)  -> (artifact id: '744ad377d2c561983d04455d1be30b73') in 0.008999 seconds
  Import took 0.012973 seconds .

========================================================================
Received Import Request.
  Time since last request: 1.085597 seconds.
  path: Assets/Animation/Hide Thorn.overrideController
  artifactKey: Guid(d171485e633454c46b7f72237d446499) Importer(815301076,1909f56bfc062723c751e8b465ee728b)
Start importing Assets/Animation/Hide Thorn.overrideController using Guid(d171485e633454c46b7f72237d446499) Importer(815301076,1909f56bfc062723c751e8b465ee728b)  -> (artifact id: '009a01e96e4bb5e311a420a268ec512c') in 0.020571 seconds
  Import took 0.023632 seconds .

========================================================================
Received Import Request.
  Time since last request: 0.532155 seconds.
  path: Assets/Animation/Thorn Destroy.anim
  artifactKey: Guid(e83b3b250e0b16e469e01496e3630636) Importer(815301076,1909f56bfc062723c751e8b465ee728b)
Start importing Assets/Animation/Thorn Destroy.anim using Guid(e83b3b250e0b16e469e01496e3630636) Importer(815301076,1909f56bfc062723c751e8b465ee728b)  -> (artifact id: '67b81e1da8d2ee2f65dee1a719187c1d') in 0.008371 seconds
  Import took 0.011357 seconds .

========================================================================
Received Import Request.
  Time since last request: 11.446734 seconds.
  path: Assets/Animation/Thorn Trigger.anim
  artifactKey: Guid(affac6cd7a008ef48bb42d84235b214e) Importer(815301076,1909f56bfc062723c751e8b465ee728b)
Start importing Assets/Animation/Thorn Trigger.anim using Guid(affac6cd7a008ef48bb42d84235b214e) Importer(815301076,1909f56bfc062723c751e8b465ee728b)  -> (artifact id: '7ecb8e20211da658252cb51a6c78347d') in 0.006069 seconds
  Import took 0.009215 seconds .

========================================================================
Received Import Request.
  Time since last request: 0.000519 seconds.
  path: Assets/Animation/Thorn Trigger.anim
  artifactKey: Guid(affac6cd7a008ef48bb42d84235b214e) Importer(815301076,1909f56bfc062723c751e8b465ee728b)
Start importing Assets/Animation/Thorn Trigger.anim using Guid(affac6cd7a008ef48bb42d84235b214e) Importer(815301076,1909f56bfc062723c751e8b465ee728b)  -> (artifact id: '7ecb8e20211da658252cb51a6c78347d') in 0.002494 seconds
  Import took 0.005456 seconds .

========================================================================
Received Import Request.
  Time since last request: 0.364121 seconds.
  path: Assets/Animation/Thorn.controller
  artifactKey: Guid(4e54333f70e28b0429df4c2116ab487c) Importer(815301076,1909f56bfc062723c751e8b465ee728b)
Start importing Assets/Animation/Thorn.controller using Guid(4e54333f70e28b0429df4c2116ab487c) Importer(815301076,1909f56bfc062723c751e8b465ee728b)  -> (artifact id: 'e79d54ed9878021c7945a6e50bc8631e') in 0.005050 seconds
  Import took 0.008148 seconds .

========================================================================
Received Import Request.
  Time since last request: 0.000351 seconds.
  path: Assets/Animation/Thorn.controller
  artifactKey: Guid(4e54333f70e28b0429df4c2116ab487c) Importer(815301076,1909f56bfc062723c751e8b465ee728b)
Start importing Assets/Animation/Thorn.controller using Guid(4e54333f70e28b0429df4c2116ab487c) Importer(815301076,1909f56bfc062723c751e8b465ee728b)  -> (artifact id: 'e79d54ed9878021c7945a6e50bc8631e') in 0.003156 seconds
  Import took 0.006101 seconds .

========================================================================
Received Import Request.
  Time since last request: 55.114451 seconds.
  path: Assets/Scripts/InputModule/MouseEvent.cs
  artifactKey: Guid(c9ad21697fc83eb4ea60dc966f57ca8e) Importer(815301076,1909f56bfc062723c751e8b465ee728b)
Start importing Assets/Scripts/InputModule/MouseEvent.cs using Guid(c9ad21697fc83eb4ea60dc966f57ca8e) Importer(815301076,1909f56bfc062723c751e8b465ee728b)  -> (artifact id: '3f5f8409a02bdf8d884f540f065dc58a') in 0.005843 seconds
  Import took 0.008838 seconds .

========================================================================
Received Import Request.
  Time since last request: 0.001694 seconds.
  path: Assets/Scripts/InputModule/MouseEvent.cs
  artifactKey: Guid(c9ad21697fc83eb4ea60dc966f57ca8e) Importer(815301076,1909f56bfc062723c751e8b465ee728b)
Start importing Assets/Scripts/InputModule/MouseEvent.cs using Guid(c9ad21697fc83eb4ea60dc966f57ca8e) Importer(815301076,1909f56bfc062723c751e8b465ee728b)  -> (artifact id: '3f5f8409a02bdf8d884f540f065dc58a') in 0.001935 seconds
  Import took 0.004783 seconds .

========================================================================
Received Import Request.
  Time since last request: 0.512561 seconds.
  path: Assets/Scripts/InputModule/KeyPressedEvent.cs
  artifactKey: Guid(8dbad23672e705543834b9bc771d4b92) Importer(815301076,1909f56bfc062723c751e8b465ee728b)
Start importing Assets/Scripts/InputModule/KeyPressedEvent.cs using Guid(8dbad23672e705543834b9bc771d4b92) Importer(815301076,1909f56bfc062723c751e8b465ee728b)  -> (artifact id: '8cda1aa6f3a4b78ad53757771404b667') in 0.005427 seconds
  Import took 0.008713 seconds .

========================================================================
Received Import Request.
  Time since last request: 414.189173 seconds.
  path: Assets/New Folder
  artifactKey: Guid(70fc209159d20f3408d16991f854fd0c) Importer(815301076,1909f56bfc062723c751e8b465ee728b)
Start importing Assets/New Folder using Guid(70fc209159d20f3408d16991f854fd0c) Importer(815301076,1909f56bfc062723c751e8b465ee728b)  -> (artifact id: 'f73c8366f5ba9d69d1bd2657a13f9f23') in 0.005942 seconds
  Import took 0.009448 seconds .

========================================================================
Received Import Request.
  Time since last request: 0.000652 seconds.
  path: Assets/New Folder
  artifactKey: Guid(70fc209159d20f3408d16991f854fd0c) Importer(815301076,1909f56bfc062723c751e8b465ee728b)
Start importing Assets/New Folder using Guid(70fc209159d20f3408d16991f854fd0c) Importer(815301076,1909f56bfc062723c751e8b465ee728b)  -> (artifact id: 'f73c8366f5ba9d69d1bd2657a13f9f23') in 0.001638 seconds
  Import took 0.004725 seconds .

========================================================================
Received Import Request.
  Time since last request: 0.037787 seconds.
  path: Assets/Plugins
  artifactKey: Guid(4dcc835ae584f464a87ac277051eea6d) Importer(815301076,1909f56bfc062723c751e8b465ee728b)
Start importing Assets/Plugins using Guid(4dcc835ae584f464a87ac277051eea6d) Importer(815301076,1909f56bfc062723c751e8b465ee728b)  -> (artifact id: 'c56bf912fa991f2e7eef9a423b4f2573') in 0.005419 seconds
  Import took 0.008435 seconds .

========================================================================
Received Import Request.
  Time since last request: 20.844401 seconds.
  path: Assets/bone
  artifactKey: Guid(70fc209159d20f3408d16991f854fd0c) Importer(815301076,1909f56bfc062723c751e8b465ee728b)
Start importing Assets/bone using Guid(70fc209159d20f3408d16991f854fd0c) Importer(815301076,1909f56bfc062723c751e8b465ee728b)  -> (artifact id: '0e8158790a84d12c945b7982aff61706') in 0.005683 seconds
  Import took 0.008558 seconds .

========================================================================
Received Import Request.
  Time since last request: 0.047985 seconds.
  path: Assets/Prefab
  artifactKey: Guid(d28a0d4908a35f94abd1e6d7831037b2) Importer(815301076,1909f56bfc062723c751e8b465ee728b)
Start importing Assets/Prefab using Guid(d28a0d4908a35f94abd1e6d7831037b2) Importer(815301076,1909f56bfc062723c751e8b465ee728b)  -> (artifact id: '12c55c9fd89ab29c8ef895b5e455d6f7') in 0.005962 seconds
  Import took 0.009137 seconds .

========================================================================
Received Import Request.
  Time since last request: 168.897801 seconds.
  path: Assets/bone/human.psb
  artifactKey: Guid(988687343bdd36a4d813a1296d9c241f) Importer(815301076,1909f56bfc062723c751e8b465ee728b)
Start importing Assets/bone/human.psb using Guid(988687343bdd36a4d813a1296d9c241f) Importer(815301076,1909f56bfc062723c751e8b465ee728b)  -> (artifact id: '37d31f8a92d0c82aa3a59a0eda998069') in 0.132698 seconds
  Import took 0.136415 seconds .

========================================================================
Received Import Request.
  Time since last request: 35.445534 seconds.
  path: Assets/bone/human 1.psb
  artifactKey: Guid(0469201df7d2fd248adc50cb16eedc96) Importer(815301076,1909f56bfc062723c751e8b465ee728b)
Start importing Assets/bone/human 1.psb using Guid(0469201df7d2fd248adc50cb16eedc96) Importer(815301076,1909f56bfc062723c751e8b465ee728b)  -> (artifact id: 'afbf284b05bda49f62dae0c534033527') in 0.044820 seconds
  Import took 0.049138 seconds .

========================================================================
Received Import Request.
  Time since last request: 2.589178 seconds.
  path: Assets/Resources
  artifactKey: Guid(f267f310f27942d4bb052fbff93723a0) Importer(815301076,1909f56bfc062723c751e8b465ee728b)
Start importing Assets/Resources using Guid(f267f310f27942d4bb052fbff93723a0) Importer(815301076,1909f56bfc062723c751e8b465ee728b)  -> (artifact id: '02f4c93aa720d6b026329d81ec211cc6') in 0.006093 seconds
  Import took 0.009143 seconds .

========================================================================
Received Import Request.
  Time since last request: 0.000662 seconds.
  path: Assets/Resources
  artifactKey: Guid(f267f310f27942d4bb052fbff93723a0) Importer(815301076,1909f56bfc062723c751e8b465ee728b)
Start importing Assets/Resources using Guid(f267f310f27942d4bb052fbff93723a0) Importer(815301076,1909f56bfc062723c751e8b465ee728b)  -> (artifact id: '02f4c93aa720d6b026329d81ec211cc6') in 0.002185 seconds
  Import took 0.006250 seconds .

========================================================================
Received Import Request.
  Time since last request: 1.006272 seconds.
  path: Assets/bone/human.psb
  artifactKey: Guid(0469201df7d2fd248adc50cb16eedc96) Importer(815301076,1909f56bfc062723c751e8b465ee728b)
Start importing Assets/bone/human.psb using Guid(0469201df7d2fd248adc50cb16eedc96) Importer(815301076,1909f56bfc062723c751e8b465ee728b)  -> (artifact id: '49a027d6fac3fa5f35a73aa9ee681b4c') in 0.064116 seconds
  Import took 0.067367 seconds .

========================================================================
Received Import Request.
  Time since last request: 119.746891 seconds.
  path: Assets/bone/human.psb
  artifactKey: Guid(0469201df7d2fd248adc50cb16eedc96) Importer(815301076,1909f56bfc062723c751e8b465ee728b)
Start importing Assets/bone/human.psb using Guid(0469201df7d2fd248adc50cb16eedc96) Importer(815301076,1909f56bfc062723c751e8b465ee728b)  -> (artifact id: '8e7a963307a3371d5b1852fc8cfc3653') in 0.056614 seconds
  Import took 0.059832 seconds .

========================================================================
Received Import Request.
  Time since last request: 231.406526 seconds.
  path: Assets/bone/human.psb
  artifactKey: Guid(0469201df7d2fd248adc50cb16eedc96) Importer(815301076,1909f56bfc062723c751e8b465ee728b)
Start importing Assets/bone/human.psb using Guid(0469201df7d2fd248adc50cb16eedc96) Importer(815301076,1909f56bfc062723c751e8b465ee728b)  -> (artifact id: '181984c73528bdeabfb5bbf4462ed09e') in 0.055181 seconds
  Import took 0.058945 seconds .

========================================================================
Received Prepare
Registering precompiled user dll's ...
Registered in 0.001836 seconds.
Begin MonoManager ReloadAssembly
Native extension for WindowsStandalone target not found
Refreshing native plugins compatible for Editor in 0.36 ms, found 1 plugins.
Preloading 0 native plugins for Editor in 0.00 ms.
Mono: successfully reloaded assembly
- Completed reload, in  0.753 seconds
Platform modules already initialized, skipping
Refreshing native plugins compatible for Editor in 0.36 ms, found 1 plugins.
Preloading 0 native plugins for Editor in 0.00 ms.
Unloading 2066 Unused Serialized files (Serialized files now loaded: 0)
System memory in use before: 95.6 MB.
System memory in use after: 95.6 MB.

Unloading 14 unused Assets to reduce memory usage. Loaded Objects now: 2557.
Total: 1.772700 ms (FindLiveObjects: 0.206200 ms CreateObjectMapping: 0.091300 ms MarkObjects: 1.385400 ms  DeleteObjects: 0.089100 ms)

========================================================================
Received Prepare
Registering precompiled user dll's ...
Registered in 0.001614 seconds.
Begin MonoManager ReloadAssembly
Native extension for WindowsStandalone target not found
Refreshing native plugins compatible for Editor in 0.36 ms, found 1 plugins.
Preloading 0 native plugins for Editor in 0.00 ms.
Mono: successfully reloaded assembly
- Completed reload, in  0.774 seconds
Platform modules already initialized, skipping
Refreshing native plugins compatible for Editor in 0.36 ms, found 1 plugins.
Preloading 0 native plugins for Editor in 0.00 ms.
Unloading 2066 Unused Serialized files (Serialized files now loaded: 0)
System memory in use before: 95.6 MB.
System memory in use after: 95.6 MB.

Unloading 14 unused Assets to reduce memory usage. Loaded Objects now: 2561.
Total: 1.976800 ms (FindLiveObjects: 0.205800 ms CreateObjectMapping: 0.086200 ms MarkObjects: 1.588300 ms  DeleteObjects: 0.095600 ms)

========================================================================
Received Prepare
Registering precompiled user dll's ...
Registered in 0.001750 seconds.
Begin MonoManager ReloadAssembly
Native extension for WindowsStandalone target not found
Refreshing native plugins compatible for Editor in 0.39 ms, found 1 plugins.
Preloading 0 native plugins for Editor in 0.00 ms.
Mono: successfully reloaded assembly
- Completed reload, in  0.816 seconds
Platform modules already initialized, skipping
Refreshing native plugins compatible for Editor in 0.44 ms, found 1 plugins.
Preloading 0 native plugins for Editor in 0.00 ms.
Unloading 2066 Unused Serialized files (Serialized files now loaded: 0)
System memory in use before: 95.6 MB.
System memory in use after: 95.6 MB.

Unloading 14 unused Assets to reduce memory usage. Loaded Objects now: 2565.
Total: 2.221600 ms (FindLiveObjects: 0.287700 ms CreateObjectMapping: 0.124700 ms MarkObjects: 1.666600 ms  DeleteObjects: 0.136300 ms)

========================================================================
Received Import Request.
  Time since last request: 266.412485 seconds.
  path: Assets/Scripts/Unit/Unit.cs
  artifactKey: Guid(adb3b635ebe809d4abfdeab894feef50) Importer(815301076,1909f56bfc062723c751e8b465ee728b)
Start importing Assets/Scripts/Unit/Unit.cs using Guid(adb3b635ebe809d4abfdeab894feef50) Importer(815301076,1909f56bfc062723c751e8b465ee728b)  -> (artifact id: '72a883c88a806ac85dba8c033a4b7946') in 0.004044 seconds
  Import took 0.007392 seconds .

========================================================================
Received Import Request.
  Time since last request: 0.017292 seconds.
  path: Assets/Scripts/Unit/Unit.cs
  artifactKey: Guid(adb3b635ebe809d4abfdeab894feef50) Importer(815301076,1909f56bfc062723c751e8b465ee728b)
Start importing Assets/Scripts/Unit/Unit.cs using Guid(adb3b635ebe809d4abfdeab894feef50) Importer(815301076,1909f56bfc062723c751e8b465ee728b)  -> (artifact id: '72a883c88a806ac85dba8c033a4b7946') in 0.001648 seconds
  Import took 0.004588 seconds .

========================================================================
Received Import Request.
  Time since last request: 0.741281 seconds.
  path: Assets/Scripts/Unit/Arm.cs
  artifactKey: Guid(8e94ae02331d982498b2b12724f1b4bd) Importer(815301076,1909f56bfc062723c751e8b465ee728b)
Start importing Assets/Scripts/Unit/Arm.cs using Guid(8e94ae02331d982498b2b12724f1b4bd) Importer(815301076,1909f56bfc062723c751e8b465ee728b)  -> (artifact id: 'fe660db1ceecb4613a525995d4027360') in 0.005073 seconds
  Import took 0.008149 seconds .

========================================================================
Received Import Request.
  Time since last request: 0.001060 seconds.
  path: Assets/Scripts/Unit/Arm.cs
  artifactKey: Guid(8e94ae02331d982498b2b12724f1b4bd) Importer(815301076,1909f56bfc062723c751e8b465ee728b)
Start importing Assets/Scripts/Unit/Arm.cs using Guid(8e94ae02331d982498b2b12724f1b4bd) Importer(815301076,1909f56bfc062723c751e8b465ee728b)  -> (artifact id: 'fe660db1ceecb4613a525995d4027360') in 0.001647 seconds
  Import took 0.004606 seconds .

========================================================================
Received Import Request.
  Time since last request: 87.475396 seconds.
  path: Assets/Scripts/Enum/Direction.cs
  artifactKey: Guid(0f93d86f71925084eb68d8679850f9ee) Importer(815301076,1909f56bfc062723c751e8b465ee728b)
Start importing Assets/Scripts/Enum/Direction.cs using Guid(0f93d86f71925084eb68d8679850f9ee) Importer(815301076,1909f56bfc062723c751e8b465ee728b)  -> (artifact id: '44bb72f1449cd092ac1b938c787533c3') in 0.006503 seconds
  Import took 0.009899 seconds .

========================================================================
Received Import Request.
  Time since last request: 12.002731 seconds.
  path: Assets/Scripts/Enum
  artifactKey: Guid(89263087d31b16942a83030bbe60de61) Importer(815301076,1909f56bfc062723c751e8b465ee728b)
Start importing Assets/Scripts/Enum using Guid(89263087d31b16942a83030bbe60de61) Importer(815301076,1909f56bfc062723c751e8b465ee728b)  -> (artifact id: '87e5afb84b5e60affb4ed34c41e86cd7') in 0.006220 seconds
  Import took 0.009241 seconds .

========================================================================
Received Import Request.
  Time since last request: 13.276220 seconds.
  path: Assets/Scripts/Enum/UnitType.cs
  artifactKey: Guid(ae713cd5f5469364aade9b582284ec44) Importer(815301076,1909f56bfc062723c751e8b465ee728b)
Start importing Assets/Scripts/Enum/UnitType.cs using Guid(ae713cd5f5469364aade9b582284ec44) Importer(815301076,1909f56bfc062723c751e8b465ee728b)  -> (artifact id: '68eaef9e1de987ebe25eb6d93061dbe6') in 0.006065 seconds
  Import took 0.009397 seconds .

========================================================================
Received Import Request.
  Time since last request: 0.014367 seconds.
  path: Assets/Scripts
  artifactKey: Guid(ba5ed05a538042f4b9887ec72569ad1c) Importer(815301076,1909f56bfc062723c751e8b465ee728b)
Start importing Assets/Scripts using Guid(ba5ed05a538042f4b9887ec72569ad1c) Importer(815301076,1909f56bfc062723c751e8b465ee728b)  -> (artifact id: 'a3adcf8d19a582d7b2ce0bdf73829001') in 0.006113 seconds
  Import took 0.009172 seconds .

========================================================================
Received Prepare
Registering precompiled user dll's ...
Registered in 0.002115 seconds.
Begin MonoManager ReloadAssembly
Native extension for WindowsStandalone target not found
Refreshing native plugins compatible for Editor in 0.37 ms, found 1 plugins.
Preloading 0 native plugins for Editor in 0.00 ms.
Mono: successfully reloaded assembly
- Completed reload, in  0.775 seconds
Platform modules already initialized, skipping
Refreshing native plugins compatible for Editor in 0.38 ms, found 1 plugins.
Preloading 0 native plugins for Editor in 0.00 ms.
Unloading 2067 Unused Serialized files (Serialized files now loaded: 0)
System memory in use before: 95.7 MB.
System memory in use after: 95.6 MB.

Unloading 14 unused Assets to reduce memory usage. Loaded Objects now: 2570.
Total: 1.744100 ms (FindLiveObjects: 0.237300 ms CreateObjectMapping: 0.090600 ms MarkObjects: 1.322400 ms  DeleteObjects: 0.092900 ms)

========================================================================
Received Prepare
Registering precompiled user dll's ...
Registered in 0.001977 seconds.
Begin MonoManager ReloadAssembly
Native extension for WindowsStandalone target not found
Refreshing native plugins compatible for Editor in 0.37 ms, found 1 plugins.
Preloading 0 native plugins for Editor in 0.00 ms.
Mono: successfully reloaded assembly
- Completed reload, in  0.772 seconds
Platform modules already initialized, skipping
Refreshing native plugins compatible for Editor in 0.36 ms, found 1 plugins.
Preloading 0 native plugins for Editor in 0.00 ms.
Unloading 2067 Unused Serialized files (Serialized files now loaded: 0)
System memory in use before: 95.7 MB.
System memory in use after: 95.7 MB.

Unloading 14 unused Assets to reduce memory usage. Loaded Objects now: 2574.
Total: 1.958000 ms (FindLiveObjects: 0.214100 ms CreateObjectMapping: 0.088700 ms MarkObjects: 1.555100 ms  DeleteObjects: 0.099000 ms)

========================================================================
Received Import Request.
  Time since last request: 125.451275 seconds.
  path: Assets/Scripts/Enum/UnitType.cs
  artifactKey: Guid(ae713cd5f5469364aade9b582284ec44) Importer(815301076,1909f56bfc062723c751e8b465ee728b)
Start importing Assets/Scripts/Enum/UnitType.cs using Guid(ae713cd5f5469364aade9b582284ec44) Importer(815301076,1909f56bfc062723c751e8b465ee728b)  -> (artifact id: 'b91d9e9f2ef6a07563a7f028ffbc209a') in 0.005991 seconds
  Import took 0.009052 seconds .

========================================================================
Received Prepare
Registering precompiled user dll's ...
Registered in 0.001591 seconds.
Begin MonoManager ReloadAssembly
Native extension for WindowsStandalone target not found
Refreshing native plugins compatible for Editor in 0.37 ms, found 1 plugins.
Preloading 0 native plugins for Editor in 0.00 ms.
Mono: successfully reloaded assembly
- Completed reload, in  0.762 seconds
Platform modules already initialized, skipping
Refreshing native plugins compatible for Editor in 0.36 ms, found 1 plugins.
Preloading 0 native plugins for Editor in 0.00 ms.
Unloading 2067 Unused Serialized files (Serialized files now loaded: 0)
System memory in use before: 95.7 MB.
System memory in use after: 95.7 MB.

Unloading 14 unused Assets to reduce memory usage. Loaded Objects now: 2578.
Total: 1.839300 ms (FindLiveObjects: 0.244600 ms CreateObjectMapping: 0.102500 ms MarkObjects: 1.394600 ms  DeleteObjects: 0.096700 ms)

========================================================================
Received Import Request.
  Time since last request: 506.584105 seconds.
  path: Assets/Scripts/Unit/Unit.cs
  artifactKey: Guid(adb3b635ebe809d4abfdeab894feef50) Importer(815301076,1909f56bfc062723c751e8b465ee728b)
Start importing Assets/Scripts/Unit/Unit.cs using Guid(adb3b635ebe809d4abfdeab894feef50) Importer(815301076,1909f56bfc062723c751e8b465ee728b)  -> (artifact id: '3255810dfacba2452c8c785792323e9b') in 0.006015 seconds
  Import took 0.008953 seconds .

========================================================================
Received Import Request.
  Time since last request: 2.035434 seconds.
  path: Assets/Prefab/Thorn.prefab
  artifactKey: Guid(3e19fb897d40c7245962485b5e928f42) Importer(815301076,1909f56bfc062723c751e8b465ee728b)
Start importing Assets/Prefab/Thorn.prefab using Guid(3e19fb897d40c7245962485b5e928f42) Importer(815301076,1909f56bfc062723c751e8b465ee728b)  -> (artifact id: '1eb7a2c4f4943bb9f8c6f29a819c76c0') in 0.046876 seconds
  Import took 0.050025 seconds .

========================================================================
Received Import Request.
  Time since last request: 0.007449 seconds.
  path: Assets/Prefab/Thorn.prefab
  artifactKey: Guid(3e19fb897d40c7245962485b5e928f42) Importer(815301076,1909f56bfc062723c751e8b465ee728b)
Start importing Assets/Prefab/Thorn.prefab using Guid(3e19fb897d40c7245962485b5e928f42) Importer(815301076,1909f56bfc062723c751e8b465ee728b)  -> (artifact id: '1eb7a2c4f4943bb9f8c6f29a819c76c0') in 0.008514 seconds
  Import took 0.011732 seconds .

========================================================================
Received Prepare
Registering precompiled user dll's ...
Registered in 0.001609 seconds.
Begin MonoManager ReloadAssembly
Native extension for WindowsStandalone target not found
Refreshing native plugins compatible for Editor in 0.37 ms, found 1 plugins.
Preloading 0 native plugins for Editor in 0.00 ms.
Mono: successfully reloaded assembly
- Completed reload, in  0.772 seconds
Platform modules already initialized, skipping
Refreshing native plugins compatible for Editor in 0.37 ms, found 1 plugins.
Preloading 0 native plugins for Editor in 0.00 ms.
Unloading 2067 Unused Serialized files (Serialized files now loaded: 0)
System memory in use before: 95.7 MB.
System memory in use after: 95.7 MB.

Unloading 14 unused Assets to reduce memory usage. Loaded Objects now: 2583.
Total: 1.813900 ms (FindLiveObjects: 0.238200 ms CreateObjectMapping: 0.083600 ms MarkObjects: 1.381200 ms  DeleteObjects: 0.109600 ms)

========================================================================
Received Prepare
Registering precompiled user dll's ...
Registered in 0.001639 seconds.
Begin MonoManager ReloadAssembly
Native extension for WindowsStandalone target not found
Refreshing native plugins compatible for Editor in 0.37 ms, found 1 plugins.
Preloading 0 native plugins for Editor in 0.00 ms.
Mono: successfully reloaded assembly
- Completed reload, in  0.763 seconds
Platform modules already initialized, skipping
Refreshing native plugins compatible for Editor in 0.56 ms, found 1 plugins.
Preloading 0 native plugins for Editor in 0.00 ms.
Unloading 2067 Unused Serialized files (Serialized files now loaded: 0)
System memory in use before: 95.7 MB.
System memory in use after: 95.7 MB.

Unloading 14 unused Assets to reduce memory usage. Loaded Objects now: 2587.
Total: 1.905300 ms (FindLiveObjects: 0.251400 ms CreateObjectMapping: 0.104200 ms MarkObjects: 1.448500 ms  DeleteObjects: 0.100100 ms)

========================================================================
Received Import Request.
  Time since last request: 546.261691 seconds.
  path: Assets/Scripts/InputModule
  artifactKey: Guid(1b74f6bda6ffc2143aad7cf7583cf923) Importer(815301076,1909f56bfc062723c751e8b465ee728b)
Start importing Assets/Scripts/InputModule using Guid(1b74f6bda6ffc2143aad7cf7583cf923) Importer(815301076,1909f56bfc062723c751e8b465ee728b)  -> (artifact id: 'b2c6ca18d7c9ce0b2d101eabaeb95d5f') in 0.008953 seconds
  Import took 0.012807 seconds .

========================================================================
Received Import Request.
  Time since last request: 92.906706 seconds.
  path: Assets/Arrow.cs
  artifactKey: Guid(2de1ac8013a2607459c559fc90bf6cc2) Importer(815301076,1909f56bfc062723c751e8b465ee728b)
Start importing Assets/Arrow.cs using Guid(2de1ac8013a2607459c559fc90bf6cc2) Importer(815301076,1909f56bfc062723c751e8b465ee728b)  -> (artifact id: '5a6148fbfe257370127cb90c0c5e0414') in 0.006524 seconds
  Import took 0.010049 seconds .

========================================================================
Received Prepare
Registering precompiled user dll's ...
Registered in 0.001643 seconds.
Begin MonoManager ReloadAssembly
Native extension for WindowsStandalone target not found
Refreshing native plugins compatible for Editor in 0.38 ms, found 1 plugins.
Preloading 0 native plugins for Editor in 0.00 ms.
Mono: successfully reloaded assembly
- Completed reload, in  0.769 seconds
Platform modules already initialized, skipping
Refreshing native plugins compatible for Editor in 0.44 ms, found 1 plugins.
Preloading 0 native plugins for Editor in 0.00 ms.
Unloading 2068 Unused Serialized files (Serialized files now loaded: 0)
System memory in use before: 95.8 MB.
System memory in use after: 95.7 MB.

Unloading 14 unused Assets to reduce memory usage. Loaded Objects now: 2592.
Total: 1.956600 ms (FindLiveObjects: 0.210400 ms CreateObjectMapping: 0.080900 ms MarkObjects: 1.522600 ms  DeleteObjects: 0.141700 ms)

========================================================================
Received Import Request.
  Time since last request: 9.873463 seconds.
  path: Assets/Scripts/Arrow
  artifactKey: Guid(f4f27353d86cf90469be4fc1bfaaa60a) Importer(815301076,1909f56bfc062723c751e8b465ee728b)
Start importing Assets/Scripts/Arrow using Guid(f4f27353d86cf90469be4fc1bfaaa60a) Importer(815301076,1909f56bfc062723c751e8b465ee728b)  -> (artifact id: '1102bacec5c0359453e5e8909ce6cb8b') in 0.006382 seconds
  Import took 0.009449 seconds .

========================================================================
Received Prepare
Registering precompiled user dll's ...
Registered in 0.001621 seconds.
Begin MonoManager ReloadAssembly
Native extension for WindowsStandalone target not found
Refreshing native plugins compatible for Editor in 0.37 ms, found 1 plugins.
Preloading 0 native plugins for Editor in 0.00 ms.
Mono: successfully reloaded assembly
- Completed reload, in  0.752 seconds
Platform modules already initialized, skipping
Refreshing native plugins compatible for Editor in 0.37 ms, found 1 plugins.
Preloading 0 native plugins for Editor in 0.00 ms.
Unloading 2068 Unused Serialized files (Serialized files now loaded: 0)
System memory in use before: 95.8 MB.
System memory in use after: 95.7 MB.

Unloading 14 unused Assets to reduce memory usage. Loaded Objects now: 2596.
Total: 1.755900 ms (FindLiveObjects: 0.227500 ms CreateObjectMapping: 0.095200 ms MarkObjects: 1.331900 ms  DeleteObjects: 0.100300 ms)

========================================================================
Received Import Request.
  Time since last request: 366.705818 seconds.
  path: Assets/Arrow.cs
  artifactKey: Guid(7aa52bbd818a8d84398a2e6b503a1aed) Importer(815301076,1909f56bfc062723c751e8b465ee728b)
Start importing Assets/Arrow.cs using Guid(7aa52bbd818a8d84398a2e6b503a1aed) Importer(815301076,1909f56bfc062723c751e8b465ee728b)  -> (artifact id: '09e6ce7e4614060babcb6585ab5dfc4b') in 0.006139 seconds
  Import took 0.009821 seconds .

========================================================================
Received Import Request.
  Time since last request: 0.001996 seconds.
  path: Assets/Arrow.cs
  artifactKey: Guid(7aa52bbd818a8d84398a2e6b503a1aed) Importer(815301076,1909f56bfc062723c751e8b465ee728b)
Start importing Assets/Arrow.cs using Guid(7aa52bbd818a8d84398a2e6b503a1aed) Importer(815301076,1909f56bfc062723c751e8b465ee728b)  -> (artifact id: '09e6ce7e4614060babcb6585ab5dfc4b') in 0.001640 seconds
  Import took 0.004676 seconds .

========================================================================
Received Prepare
Registering precompiled user dll's ...
Registered in 0.001662 seconds.
Begin MonoManager ReloadAssembly
Native extension for WindowsStandalone target not found
Refreshing native plugins compatible for Editor in 0.38 ms, found 1 plugins.
Preloading 0 native plugins for Editor in 0.00 ms.
Mono: successfully reloaded assembly
- Completed reload, in  0.790 seconds
Platform modules already initialized, skipping
Refreshing native plugins compatible for Editor in 0.49 ms, found 1 plugins.
Preloading 0 native plugins for Editor in 0.00 ms.
Unloading 2068 Unused Serialized files (Serialized files now loaded: 0)
System memory in use before: 95.8 MB.
System memory in use after: 95.7 MB.

Unloading 14 unused Assets to reduce memory usage. Loaded Objects now: 2600.
Total: 1.863100 ms (FindLiveObjects: 0.241500 ms CreateObjectMapping: 0.092500 ms MarkObjects: 1.416600 ms  DeleteObjects: 0.111200 ms)

========================================================================
Received Prepare
Registering precompiled user dll's ...
Registered in 0.001698 seconds.
Begin MonoManager ReloadAssembly
Native extension for WindowsStandalone target not found
Refreshing native plugins compatible for Editor in 0.37 ms, found 1 plugins.
Preloading 0 native plugins for Editor in 0.00 ms.
Mono: successfully reloaded assembly
- Completed reload, in  0.760 seconds
Platform modules already initialized, skipping
Refreshing native plugins compatible for Editor in 0.36 ms, found 1 plugins.
Preloading 0 native plugins for Editor in 0.00 ms.
Unloading 2068 Unused Serialized files (Serialized files now loaded: 0)
System memory in use before: 95.8 MB.
System memory in use after: 95.8 MB.

Unloading 14 unused Assets to reduce memory usage. Loaded Objects now: 2604.
Total: 1.866000 ms (FindLiveObjects: 0.263400 ms CreateObjectMapping: 0.101600 ms MarkObjects: 1.395600 ms  DeleteObjects: 0.104400 ms)

========================================================================
Received Import Request.
  Time since last request: 22.038206 seconds.
  path: Assets/Scripts/Arrow/Arrow.cs
  artifactKey: Guid(2de1ac8013a2607459c559fc90bf6cc2) Importer(815301076,1909f56bfc062723c751e8b465ee728b)
Start importing Assets/Scripts/Arrow/Arrow.cs using Guid(2de1ac8013a2607459c559fc90bf6cc2) Importer(815301076,1909f56bfc062723c751e8b465ee728b)  -> (artifact id: '3c5ca14724091b562b4cda18fd1ff702') in 0.005827 seconds
  Import took 0.008830 seconds .

========================================================================
Received Prepare
Registering precompiled user dll's ...
Registered in 0.001605 seconds.
Begin MonoManager ReloadAssembly
Native extension for WindowsStandalone target not found
Refreshing native plugins compatible for Editor in 0.39 ms, found 1 plugins.
Preloading 0 native plugins for Editor in 0.00 ms.
Mono: successfully reloaded assembly
- Completed reload, in  0.775 seconds
Platform modules already initialized, skipping
Refreshing native plugins compatible for Editor in 0.38 ms, found 1 plugins.
Preloading 0 native plugins for Editor in 0.00 ms.
Unloading 2068 Unused Serialized files (Serialized files now loaded: 0)
System memory in use before: 95.8 MB.
System memory in use after: 95.8 MB.

Unloading 14 unused Assets to reduce memory usage. Loaded Objects now: 2608.
Total: 1.801600 ms (FindLiveObjects: 0.203300 ms CreateObjectMapping: 0.084800 ms MarkObjects: 1.408100 ms  DeleteObjects: 0.104500 ms)

========================================================================
Received Import Request.
  Time since last request: 11.061782 seconds.
  path: Assets/Scripts/Arrow/Arrow.cs
  artifactKey: Guid(2de1ac8013a2607459c559fc90bf6cc2) Importer(815301076,1909f56bfc062723c751e8b465ee728b)
Start importing Assets/Scripts/Arrow/Arrow.cs using Guid(2de1ac8013a2607459c559fc90bf6cc2) Importer(815301076,1909f56bfc062723c751e8b465ee728b)  -> (artifact id: 'ae55b8ca9dee601d98a7fe9033bccabb') in 0.005807 seconds
  Import took 0.008758 seconds .

========================================================================
Received Import Request.
  Time since last request: 66.822938 seconds.
  path: Assets/Scripts/GameState
  artifactKey: Guid(053c327813d7ccb4cad89a2771528d79) Importer(815301076,1909f56bfc062723c751e8b465ee728b)
Start importing Assets/Scripts/GameState using Guid(053c327813d7ccb4cad89a2771528d79) Importer(815301076,1909f56bfc062723c751e8b465ee728b)  -> (artifact id: '5e7c05ba4e962094d7f4c310f2c675e4') in 0.006169 seconds
  Import took 0.009155 seconds .

========================================================================
Received Import Request.
  Time since last request: 155.837425 seconds.
  path: Assets/Scripts/Unit/Unit.cs
  artifactKey: Guid(adb3b635ebe809d4abfdeab894feef50) Importer(815301076,1909f56bfc062723c751e8b465ee728b)
Start importing Assets/Scripts/Unit/Unit.cs using Guid(adb3b635ebe809d4abfdeab894feef50) Importer(815301076,1909f56bfc062723c751e8b465ee728b)  -> (artifact id: 'ee58eca2ebffff56614959e1c1b9b958') in 0.001881 seconds
  Import took 0.004864 seconds .

========================================================================
Received Prepare
Registering precompiled user dll's ...
Registered in 0.001599 seconds.
Begin MonoManager ReloadAssembly
Native extension for WindowsStandalone target not found
Refreshing native plugins compatible for Editor in 0.36 ms, found 1 plugins.
Preloading 0 native plugins for Editor in 0.00 ms.
Mono: successfully reloaded assembly
- Completed reload, in  0.763 seconds
Platform modules already initialized, skipping
Refreshing native plugins compatible for Editor in 0.36 ms, found 1 plugins.
Preloading 0 native plugins for Editor in 0.00 ms.
Unloading 2068 Unused Serialized files (Serialized files now loaded: 0)
System memory in use before: 95.8 MB.
System memory in use after: 95.8 MB.

Unloading 14 unused Assets to reduce memory usage. Loaded Objects now: 2612.
Total: 2.003500 ms (FindLiveObjects: 0.311100 ms CreateObjectMapping: 0.120300 ms MarkObjects: 1.431400 ms  DeleteObjects: 0.139400 ms)

========================================================================
Received Prepare
Registering precompiled user dll's ...
Registered in 0.001592 seconds.
Begin MonoManager ReloadAssembly
Native extension for WindowsStandalone target not found
Refreshing native plugins compatible for Editor in 0.36 ms, found 1 plugins.
Preloading 0 native plugins for Editor in 0.00 ms.
Mono: successfully reloaded assembly
- Completed reload, in  0.767 seconds
Platform modules already initialized, skipping
Refreshing native plugins compatible for Editor in 0.36 ms, found 1 plugins.
Preloading 0 native plugins for Editor in 0.00 ms.
Unloading 2068 Unused Serialized files (Serialized files now loaded: 0)
System memory in use before: 95.8 MB.
System memory in use after: 95.8 MB.

Unloading 14 unused Assets to reduce memory usage. Loaded Objects now: 2616.
Total: 1.915600 ms (FindLiveObjects: 0.237200 ms CreateObjectMapping: 0.105200 ms MarkObjects: 1.423300 ms  DeleteObjects: 0.149200 ms)

========================================================================
Received Import Request.
  Time since last request: 504.653147 seconds.
  path: Assets/Scripts/InputModule/MouseOnClickEvent.cs
  artifactKey: Guid(94c1ad0ab894ca345b1bd87ab7ae89cf) Importer(815301076,1909f56bfc062723c751e8b465ee728b)
Start importing Assets/Scripts/InputModule/MouseOnClickEvent.cs using Guid(94c1ad0ab894ca345b1bd87ab7ae89cf) Importer(815301076,1909f56bfc062723c751e8b465ee728b)  -> (artifact id: '1d5138675873c1c23525f093871f6515') in 0.007990 seconds
  Import took 0.011083 seconds .

========================================================================
Received Import Request.
  Time since last request: 0.065003 seconds.
  path: Assets/Scripts/InputModule/MouseOnClickEvent.cs
  artifactKey: Guid(94c1ad0ab894ca345b1bd87ab7ae89cf) Importer(815301076,1909f56bfc062723c751e8b465ee728b)
Start importing Assets/Scripts/InputModule/MouseOnClickEvent.cs using Guid(94c1ad0ab894ca345b1bd87ab7ae89cf) Importer(815301076,1909f56bfc062723c751e8b465ee728b)  -> (artifact id: '1d5138675873c1c23525f093871f6515') in 0.001862 seconds
  Import took 0.004924 seconds .

========================================================================
Received Prepare
Registering precompiled user dll's ...
Registered in 0.001578 seconds.
Begin MonoManager ReloadAssembly
Native extension for WindowsStandalone target not found
Refreshing native plugins compatible for Editor in 0.39 ms, found 1 plugins.
Preloading 0 native plugins for Editor in 0.00 ms.
Mono: successfully reloaded assembly
- Completed reload, in  0.801 seconds
Platform modules already initialized, skipping
Refreshing native plugins compatible for Editor in 0.37 ms, found 1 plugins.
Preloading 0 native plugins for Editor in 0.00 ms.
Unloading 2069 Unused Serialized files (Serialized files now loaded: 0)
System memory in use before: 95.8 MB.
System memory in use after: 95.8 MB.

Unloading 14 unused Assets to reduce memory usage. Loaded Objects now: 2621.
Total: 1.901100 ms (FindLiveObjects: 0.240100 ms CreateObjectMapping: 0.093600 ms MarkObjects: 1.458600 ms  DeleteObjects: 0.107900 ms)

========================================================================
Received Import Request.
  Time since last request: 24.963935 seconds.
  path: Assets/Scripts/InputModule/MouseGetMouseButtonDown.cs
  artifactKey: Guid(94c1ad0ab894ca345b1bd87ab7ae89cf) Importer(815301076,1909f56bfc062723c751e8b465ee728b)
Start importing Assets/Scripts/InputModule/MouseGetMouseButtonDown.cs using Guid(94c1ad0ab894ca345b1bd87ab7ae89cf) Importer(815301076,1909f56bfc062723c751e8b465ee728b)  -> (artifact id: 'dd38bce0a7d2b7833767e1e17944053c') in 0.009156 seconds
  Import took 0.012394 seconds .

========================================================================
Received Prepare
Registering precompiled user dll's ...
Registered in 0.001658 seconds.
Begin MonoManager ReloadAssembly
Native extension for WindowsStandalone target not found
Refreshing native plugins compatible for Editor in 0.37 ms, found 1 plugins.
Preloading 0 native plugins for Editor in 0.00 ms.
Mono: successfully reloaded assembly
- Completed reload, in  0.772 seconds
Platform modules already initialized, skipping
Refreshing native plugins compatible for Editor in 0.37 ms, found 1 plugins.
Preloading 0 native plugins for Editor in 0.00 ms.
Unloading 2069 Unused Serialized files (Serialized files now loaded: 0)
System memory in use before: 95.8 MB.
System memory in use after: 95.8 MB.

Unloading 14 unused Assets to reduce memory usage. Loaded Objects now: 2625.
Total: 1.763900 ms (FindLiveObjects: 0.249700 ms CreateObjectMapping: 0.088600 ms MarkObjects: 1.326000 ms  DeleteObjects: 0.098600 ms)

========================================================================
Received Import Request.
  Time since last request: 6.077669 seconds.
  path: Assets/Scripts/InputModule/GetMouseButtonDown.cs
  artifactKey: Guid(94c1ad0ab894ca345b1bd87ab7ae89cf) Importer(815301076,1909f56bfc062723c751e8b465ee728b)
Start importing Assets/Scripts/InputModule/GetMouseButtonDown.cs using Guid(94c1ad0ab894ca345b1bd87ab7ae89cf) Importer(815301076,1909f56bfc062723c751e8b465ee728b)  -> (artifact id: '32688796e18b7fb4776ef0bb30dff6ca') in 0.008149 seconds
  Import took 0.011421 seconds .

========================================================================
Received Prepare
Registering precompiled user dll's ...
Registered in 0.002487 seconds.
Begin MonoManager ReloadAssembly
Native extension for WindowsStandalone target not found
Refreshing native plugins compatible for Editor in 0.37 ms, found 1 plugins.
Preloading 0 native plugins for Editor in 0.00 ms.
Mono: successfully reloaded assembly
- Completed reload, in  0.769 seconds
Platform modules already initialized, skipping
Refreshing native plugins compatible for Editor in 0.38 ms, found 1 plugins.
Preloading 0 native plugins for Editor in 0.00 ms.
Unloading 2069 Unused Serialized files (Serialized files now loaded: 0)
System memory in use before: 95.8 MB.
System memory in use after: 95.8 MB.

Unloading 14 unused Assets to reduce memory usage. Loaded Objects now: 2629.
Total: 1.793700 ms (FindLiveObjects: 0.232900 ms CreateObjectMapping: 0.097000 ms MarkObjects: 1.359400 ms  DeleteObjects: 0.103600 ms)

========================================================================
Received Import Request.
  Time since last request: 489.553082 seconds.
  path: Assets/Prefab/BloodVFX.prefab
  artifactKey: Guid(b2cde184ad0662e46b86f36f5ce9b79b) Importer(815301076,1909f56bfc062723c751e8b465ee728b)
Start importing Assets/Prefab/BloodVFX.prefab using Guid(b2cde184ad0662e46b86f36f5ce9b79b) Importer(815301076,1909f56bfc062723c751e8b465ee728b)  -> (artifact id: 'bfd6d763f93649e559427ea0202a25ad') in 0.031154 seconds
  Import took 0.034995 seconds .

========================================================================
Received Import Request.
  Time since last request: 0.003543 seconds.
  path: Assets/Prefab/BloodVFX.prefab
  artifactKey: Guid(b2cde184ad0662e46b86f36f5ce9b79b) Importer(815301076,1909f56bfc062723c751e8b465ee728b)
Start importing Assets/Prefab/BloodVFX.prefab using Guid(b2cde184ad0662e46b86f36f5ce9b79b) Importer(815301076,1909f56bfc062723c751e8b465ee728b)  -> (artifact id: 'bfd6d763f93649e559427ea0202a25ad') in 0.003487 seconds
  Import took 0.006486 seconds .

========================================================================
Received Prepare
Registering precompiled user dll's ...
Registered in 0.001620 seconds.
Begin MonoManager ReloadAssembly
Native extension for WindowsStandalone target not found
Refreshing native plugins compatible for Editor in 0.46 ms, found 1 plugins.
Preloading 0 native plugins for Editor in 0.00 ms.
Mono: successfully reloaded assembly
- Completed reload, in  0.766 seconds
Platform modules already initialized, skipping
Refreshing native plugins compatible for Editor in 0.36 ms, found 1 plugins.
Preloading 0 native plugins for Editor in 0.00 ms.
Unloading 2070 Unused Serialized files (Serialized files now loaded: 0)
System memory in use before: 95.9 MB.
System memory in use after: 95.9 MB.

Unloading 14 unused Assets to reduce memory usage. Loaded Objects now: 2634.
Total: 1.958600 ms (FindLiveObjects: 0.231700 ms CreateObjectMapping: 0.091100 ms MarkObjects: 1.537000 ms  DeleteObjects: 0.098000 ms)

========================================================================
Received Import Request.
  Time since last request: 100.542029 seconds.
  path: Assets/Prefab/Thorn.prefab
  artifactKey: Guid(3e19fb897d40c7245962485b5e928f42) Importer(815301076,1909f56bfc062723c751e8b465ee728b)
Start importing Assets/Prefab/Thorn.prefab using Guid(3e19fb897d40c7245962485b5e928f42) Importer(815301076,1909f56bfc062723c751e8b465ee728b)  -> (artifact id: 'ec8bbed4b88e0a7e2913e447b3de716c') in 0.054727 seconds
  Import took 0.057955 seconds .

========================================================================
Received Import Request.
  Time since last request: 9.155474 seconds.
  path: Assets/Scripts/Prop/Prop.cs
  artifactKey: Guid(a38bb418d8c129d459ce4f891faa3088) Importer(815301076,1909f56bfc062723c751e8b465ee728b)
Start importing Assets/Scripts/Prop/Prop.cs using Guid(a38bb418d8c129d459ce4f891faa3088) Importer(815301076,1909f56bfc062723c751e8b465ee728b)  -> (artifact id: '3d185dece81e6e2152abc5d9bff3d10c') in 0.001663 seconds
  Import took 0.004655 seconds .

========================================================================
Received Import Request.
  Time since last request: 0.001660 seconds.
  path: Assets/Scripts/Prop/Prop.cs
  artifactKey: Guid(a38bb418d8c129d459ce4f891faa3088) Importer(815301076,1909f56bfc062723c751e8b465ee728b)
Start importing Assets/Scripts/Prop/Prop.cs using Guid(a38bb418d8c129d459ce4f891faa3088) Importer(815301076,1909f56bfc062723c751e8b465ee728b)  -> (artifact id: '3d185dece81e6e2152abc5d9bff3d10c') in 0.001829 seconds
  Import took 0.005754 seconds .

========================================================================
Received Import Request.
  Time since last request: 19.027792 seconds.
  path: Assets/Scripts/Prop/Stalactite.cs
  artifactKey: Guid(1a2bb00e3cbf37a42bcb6ec606300d96) Importer(815301076,1909f56bfc062723c751e8b465ee728b)
Start importing Assets/Scripts/Prop/Stalactite.cs using Guid(1a2bb00e3cbf37a42bcb6ec606300d96) Importer(815301076,1909f56bfc062723c751e8b465ee728b)  -> (artifact id: 'cb047619cb900236df44848298ca75eb') in 0.006470 seconds
  Import took 0.009690 seconds .

========================================================================
Received Import Request.
  Time since last request: 0.001937 seconds.
  path: Assets/Scripts/Prop/Stalactite.cs
  artifactKey: Guid(1a2bb00e3cbf37a42bcb6ec606300d96) Importer(815301076,1909f56bfc062723c751e8b465ee728b)
Start importing Assets/Scripts/Prop/Stalactite.cs using Guid(1a2bb00e3cbf37a42bcb6ec606300d96) Importer(815301076,1909f56bfc062723c751e8b465ee728b)  -> (artifact id: 'cb047619cb900236df44848298ca75eb') in 0.002132 seconds
  Import took 0.005404 seconds .

========================================================================
Received Import Request.
  Time since last request: 0.477746 seconds.
  path: Assets/Scripts/Prop/Thorn.cs
  artifactKey: Guid(13fc8cd39ff7452498efe098c0b8bb5c) Importer(815301076,1909f56bfc062723c751e8b465ee728b)
Start importing Assets/Scripts/Prop/Thorn.cs using Guid(13fc8cd39ff7452498efe098c0b8bb5c) Importer(815301076,1909f56bfc062723c751e8b465ee728b)  -> (artifact id: '14d371732da77b44e5a9a5b5ca64d63b') in 0.001673 seconds
  Import took 0.004679 seconds .

