Using pre-set license
Built from '2020.3/staging' branch; Version is '2020.3.4f1 (0abb6314276a) revision 703331'; Using compiler version '192528614'; Build Type 'Release'
OS: 'Windows 10 Pro; OS build 19042.928; Version 2009; 64bit' Language: 'ko' Physical Memory: 8049 MB
BatchMode: 1, IsHumanControllingUs: 0, StartBugReporterOnCrash: 0, Is64bit: 1, IsPro: 0

 COMMAND LINE ARGUMENTS:
C:\Program Files\Unity\Hub\Editor\2020.3.4f1\Editor\Unity.exe
-adb2
-batchMode
-noUpm
-name
AssetImportWorker0
-projectPath
C:/Users/khjj07/Documents/Projects/Monment
-logFile
Logs/AssetImportWorker0.log
-srvPort
50530
Successfully changed project path to: C:/Users/khjj07/Documents/Projects/Monment
C:/Users/khjj07/Documents/Projects/Monment
Using Asset Import Pipeline V2.
Refreshing native plugins compatible for Editor in 38.35 ms, found 1 plugins.
Preloading 0 native plugins for Editor in 0.00 ms.
Initialize engine version: 2020.3.4f1 (0abb6314276a)
[Subsystems] Discovering subsystems at path C:/Program Files/Unity/Hub/Editor/2020.3.4f1/Editor/Data/Resources/UnitySubsystems
[Subsystems] Discovering subsystems at path C:/Users/khjj07/Documents/Projects/Monment/Assets
GfxDevice: creating device client; threaded=0
Direct3D:
    Version:  Direct3D 11.0 [level 11.1]
    Renderer: Intel(R) UHD Graphics 620 (ID=0x3ea0)
    Vendor:   
    VRAM:     4024 MB
    Driver:   26.20.100.7324
Initialize mono
Mono path[0] = 'C:/Program Files/Unity/Hub/Editor/2020.3.4f1/Editor/Data/Managed'
Mono path[1] = 'C:/Program Files/Unity/Hub/Editor/2020.3.4f1/Editor/Data/MonoBleedingEdge/lib/mono/unityjit'
Mono config path = 'C:/Program Files/Unity/Hub/Editor/2020.3.4f1/Editor/Data/MonoBleedingEdge/etc'
Using monoOptions --debugger-agent=transport=dt_socket,embedding=1,server=y,suspend=n,address=127.0.0.1:56060
Begin MonoManager ReloadAssembly
Registering precompiled unity dll's ...
Register platform support module: C:/Program Files/Unity/Hub/Editor/2020.3.4f1/Editor/Data/PlaybackEngines/WindowsStandaloneSupport/UnityEditor.WindowsStandalone.Extensions.dll
Registered in 0.001841 seconds.
Native extension for WindowsStandalone target not found
Refreshing native plugins compatible for Editor in 38.73 ms, found 1 plugins.
Preloading 0 native plugins for Editor in 0.00 ms.
Mono: successfully reloaded assembly
- Completed reload, in  1.055 seconds
Platform modules already initialized, skipping
Registering precompiled user dll's ...
Registered in 0.000879 seconds.
Begin MonoManager ReloadAssembly
Native extension for WindowsStandalone target not found
Refreshing native plugins compatible for Editor in 39.70 ms, found 1 plugins.
Preloading 0 native plugins for Editor in 0.00 ms.
Mono: successfully reloaded assembly
- Completed reload, in  0.988 seconds
Platform modules already initialized, skipping
========================================================================
Worker process is ready to serve import requests
Launched and connected shader compiler UnityShaderCompiler.exe after 0.05 seconds
Refreshing native plugins compatible for Editor in 0.40 ms, found 1 plugins.
Preloading 0 native plugins for Editor in 0.00 ms.
Unloading 1808 Unused Serialized files (Serialized files now loaded: 0)
System memory in use before: 84.8 MB.
System memory in use after: 84.8 MB.

Unloading 24 unused Assets to reduce memory usage. Loaded Objects now: 2250.
Total: 2.565400 ms (FindLiveObjects: 0.267300 ms CreateObjectMapping: 0.138000 ms MarkObjects: 2.023200 ms  DeleteObjects: 0.135700 ms)

========================================================================
Received Import Request.
  path: Assets
  artifactKey: Guid(00000000000000001000000000000000) Importer(815301076,1909f56bfc062723c751e8b465ee728b)
Start importing Assets using Guid(00000000000000001000000000000000) Importer(815301076,1909f56bfc062723c751e8b465ee728b)  -> (artifact id: '025e4f587c23674256bb898581e82961') in 0.005123 seconds
  Import took 0.008479 seconds .

========================================================================
Received Import Request.
  Time since last request: 0.000542 seconds.
  path: Assets/Scenes
  artifactKey: Guid(264fc43af8283ec44968cf57f6c7e3d8) Importer(815301076,1909f56bfc062723c751e8b465ee728b)
Start importing Assets/Scenes using Guid(264fc43af8283ec44968cf57f6c7e3d8) Importer(815301076,1909f56bfc062723c751e8b465ee728b)  -> (artifact id: '12b02e30cf9c04b2fea55fe762c3a2eb') in 0.001461 seconds
  Import took 0.004014 seconds .

========================================================================
Received Import Request.
  Time since last request: 6.740377 seconds.
  path: Assets/Scenes/Square.png
  artifactKey: Guid(c5893c1cb5a7e5847ae32ef5b1a2754f) Importer(815301076,1909f56bfc062723c751e8b465ee728b)
Start importing Assets/Scenes/Square.png using Guid(c5893c1cb5a7e5847ae32ef5b1a2754f) Importer(815301076,1909f56bfc062723c751e8b465ee728b)  -> (artifact id: 'a2a066c48620d401f15851d36e8940f0') in 0.126816 seconds
  Import took 0.129963 seconds .

========================================================================
Received Import Request.
  Time since last request: 53.643701 seconds.
  path: Assets/Scenes/SampleScene.unity
  artifactKey: Guid(2cda990e2423bbf4892e6590ba056729) Importer(815301076,1909f56bfc062723c751e8b465ee728b)
Start importing Assets/Scenes/SampleScene.unity using Guid(2cda990e2423bbf4892e6590ba056729) Importer(815301076,1909f56bfc062723c751e8b465ee728b)  -> (artifact id: '55d65d5fff917f2d1ced4e7ecabd3689') in 0.002214 seconds
  Import took 0.006220 seconds .

========================================================================
Received Import Request.
  Time since last request: 11.495043 seconds.
  path: Assets/New Folder
  artifactKey: Guid(9fa09432a78aa0f4c9e59d183508d7ba) Importer(815301076,1909f56bfc062723c751e8b465ee728b)
Start importing Assets/New Folder using Guid(9fa09432a78aa0f4c9e59d183508d7ba) Importer(815301076,1909f56bfc062723c751e8b465ee728b)  -> (artifact id: '77c3256b8f246ccece0ab27440c8d79a') in 0.002823 seconds
  Import took 0.006696 seconds .

========================================================================
Received Import Request.
  Time since last request: 285.129151 seconds.
  path: Assets/tilemap
  artifactKey: Guid(9fa09432a78aa0f4c9e59d183508d7ba) Importer(815301076,1909f56bfc062723c751e8b465ee728b)
Start importing Assets/tilemap using Guid(9fa09432a78aa0f4c9e59d183508d7ba) Importer(815301076,1909f56bfc062723c751e8b465ee728b)  -> (artifact id: 'dee68be61a8e16dd9f69ed7c4035031d') in 0.001696 seconds
  Import took 0.006658 seconds .

========================================================================
Received Import Request.
  Time since last request: 6.066731 seconds.
  path: Assets/Tile
  artifactKey: Guid(9fa09432a78aa0f4c9e59d183508d7ba) Importer(815301076,1909f56bfc062723c751e8b465ee728b)
Start importing Assets/Tile using Guid(9fa09432a78aa0f4c9e59d183508d7ba) Importer(815301076,1909f56bfc062723c751e8b465ee728b)  -> (artifact id: '9df53653417cbcd36c6906242a98a1bf') in 0.001720 seconds
  Import took 0.006116 seconds .

========================================================================
Received Import Request.
  Time since last request: 15.416507 seconds.
  path: Assets/Tile/test.prefab
  artifactKey: Guid(5b4f87ad51254de48921ea4220d31587) Importer(815301076,1909f56bfc062723c751e8b465ee728b)
Start importing Assets/Tile/test.prefab using Guid(5b4f87ad51254de48921ea4220d31587) Importer(815301076,1909f56bfc062723c751e8b465ee728b)  -> (artifact id: '1b96fd7ab8bc9c24dbdaccfe2c4b9ac9') in 0.012924 seconds
  Import took 0.016424 seconds .

========================================================================
Received Import Request.
  Time since last request: 603.105662 seconds.
  path: Assets/Tile/test.prefab
  artifactKey: Guid(5b4f87ad51254de48921ea4220d31587) Importer(815301076,1909f56bfc062723c751e8b465ee728b)
Start importing Assets/Tile/test.prefab using Guid(5b4f87ad51254de48921ea4220d31587) Importer(815301076,1909f56bfc062723c751e8b465ee728b)  -> (artifact id: '313829ea070f70b263865139c570cceb') in 0.003571 seconds
  Import took 0.007949 seconds .

========================================================================
Received Import Request.
  Time since last request: 16.289054 seconds.
  path: Assets/Tile/tiles_spritesheet.png
  artifactKey: Guid(598cf461b94d7504cbe6659267a8c91d) Importer(815301076,1909f56bfc062723c751e8b465ee728b)
Start importing Assets/Tile/tiles_spritesheet.png using Guid(598cf461b94d7504cbe6659267a8c91d) Importer(815301076,1909f56bfc062723c751e8b465ee728b)  -> (artifact id: '9e7683db07b165d394ac72a4313bc4b5') in 0.027786 seconds
  Import took 0.031022 seconds .

========================================================================
Received Import Request.
  Time since last request: 39.538060 seconds.
  path: Assets/Tile/tiles_spritesheet.png
  artifactKey: Guid(598cf461b94d7504cbe6659267a8c91d) Importer(815301076,1909f56bfc062723c751e8b465ee728b)
Start importing Assets/Tile/tiles_spritesheet.png using Guid(598cf461b94d7504cbe6659267a8c91d) Importer(815301076,1909f56bfc062723c751e8b465ee728b)  -> (artifact id: '7d71d9d9c4de72c23e3318d00b0694b2') in 0.021514 seconds
  Import took 0.024957 seconds .

========================================================================
Received Import Request.
  Time since last request: 383.787461 seconds.
  path: Assets/Tile/tiles_spritesheet.png
  artifactKey: Guid(598cf461b94d7504cbe6659267a8c91d) Importer(815301076,1909f56bfc062723c751e8b465ee728b)
Start importing Assets/Tile/tiles_spritesheet.png using Guid(598cf461b94d7504cbe6659267a8c91d) Importer(815301076,1909f56bfc062723c751e8b465ee728b)  -> (artifact id: '9237f4a2df34eccddca444853bc8381f') in 1.102765 seconds
  Import took 1.110425 seconds .

========================================================================
Received Import Request.
  Time since last request: 23.999747 seconds.
  path: Assets/Tile/tiles_spritesheet.png
  artifactKey: Guid(598cf461b94d7504cbe6659267a8c91d) Importer(815301076,1909f56bfc062723c751e8b465ee728b)
Start importing Assets/Tile/tiles_spritesheet.png using Guid(598cf461b94d7504cbe6659267a8c91d) Importer(815301076,1909f56bfc062723c751e8b465ee728b)  -> (artifact id: '9048843de3175671ef2213d75f681850') in 0.383088 seconds
  Import took 0.387489 seconds .

========================================================================
Received Import Request.
  Time since last request: 203.933752 seconds.
  path: Assets/Tile/tiles_spritesheet.png
  artifactKey: Guid(598cf461b94d7504cbe6659267a8c91d) Importer(815301076,1909f56bfc062723c751e8b465ee728b)
Start importing Assets/Tile/tiles_spritesheet.png using Guid(598cf461b94d7504cbe6659267a8c91d) Importer(815301076,1909f56bfc062723c751e8b465ee728b)  -> (artifact id: 'f3d118cb61a674d16de9388f5e15b5aa') in 0.340304 seconds
  Import took 0.344132 seconds .

========================================================================
Received Import Request.
  Time since last request: 26.575693 seconds.
  path: Assets/Tile/tiles_spritesheet.png
  artifactKey: Guid(598cf461b94d7504cbe6659267a8c91d) Importer(815301076,1909f56bfc062723c751e8b465ee728b)
Start importing Assets/Tile/tiles_spritesheet.png using Guid(598cf461b94d7504cbe6659267a8c91d) Importer(815301076,1909f56bfc062723c751e8b465ee728b)  -> (artifact id: 'c7d06b37494b7aca1db9948a2fb55d15') in 0.402367 seconds
  Import took 0.406456 seconds .

========================================================================
Received Import Request.
  Time since last request: 108.281386 seconds.
  path: Assets/Tile/tiles_spritesheet.png
  artifactKey: Guid(598cf461b94d7504cbe6659267a8c91d) Importer(815301076,1909f56bfc062723c751e8b465ee728b)
Start importing Assets/Tile/tiles_spritesheet.png using Guid(598cf461b94d7504cbe6659267a8c91d) Importer(815301076,1909f56bfc062723c751e8b465ee728b)  -> (artifact id: 'd6b1da95d3bdc9205d56795da912c6d9') in 1.070912 seconds
  Import took 1.077686 seconds .

========================================================================
Received Import Request.
  Time since last request: 201.460116 seconds.
  path: Assets/Tile/tiles_spritesheet_0.asset
  artifactKey: Guid(18ac353a3ecde674ca23305c4a7a9df0) Importer(815301076,1909f56bfc062723c751e8b465ee728b)
Start importing Assets/Tile/tiles_spritesheet_0.asset using Guid(18ac353a3ecde674ca23305c4a7a9df0) Importer(815301076,1909f56bfc062723c751e8b465ee728b)  -> (artifact id: 'a0e82f7d8d5848fdff8d809650a78d81') in 0.007541 seconds
  Import took 0.011541 seconds .

========================================================================
Received Import Request.
  Time since last request: 4.258695 seconds.
  path: Assets/Tile/tiles_spritesheet_606.asset
  artifactKey: Guid(28ffa4aa52829764b828b7a955b3e76d) Importer(815301076,1909f56bfc062723c751e8b465ee728b)
Start importing Assets/Tile/tiles_spritesheet_606.asset using Guid(28ffa4aa52829764b828b7a955b3e76d) Importer(815301076,1909f56bfc062723c751e8b465ee728b)  -> (artifact id: '9cd329aa60aec990074b91fa6fd5874c') in 0.002890 seconds
  Import took 0.006058 seconds .

========================================================================
Received Import Request.
  Time since last request: 0.045673 seconds.
  path: Assets/Tile/tiles_spritesheet_606.asset
  artifactKey: Guid(28ffa4aa52829764b828b7a955b3e76d) Importer(815301076,1909f56bfc062723c751e8b465ee728b)
Start importing Assets/Tile/tiles_spritesheet_606.asset using Guid(28ffa4aa52829764b828b7a955b3e76d) Importer(815301076,1909f56bfc062723c751e8b465ee728b)  -> (artifact id: '9cd329aa60aec990074b91fa6fd5874c') in 0.002722 seconds
  Import took 0.005954 seconds .

========================================================================
Received Import Request.
  Time since last request: 58.598562 seconds.
  path: Assets/Tile/sheet.png
  artifactKey: Guid(f03c1c7c1a163934087ad535f8505c44) Importer(815301076,1909f56bfc062723c751e8b465ee728b)
Start importing Assets/Tile/sheet.png using Guid(f03c1c7c1a163934087ad535f8505c44) Importer(815301076,1909f56bfc062723c751e8b465ee728b)  -> (artifact id: '86a09b580bf52f144fac29e03dcfc487') in 0.021093 seconds
  Import took 0.024299 seconds .

========================================================================
Received Import Request.
  Time since last request: 0.000815 seconds.
  path: Assets/Tile/sheet.png
  artifactKey: Guid(f03c1c7c1a163934087ad535f8505c44) Importer(815301076,1909f56bfc062723c751e8b465ee728b)
Start importing Assets/Tile/sheet.png using Guid(f03c1c7c1a163934087ad535f8505c44) Importer(815301076,1909f56bfc062723c751e8b465ee728b)  -> (artifact id: '86a09b580bf52f144fac29e03dcfc487') in 0.017717 seconds
  Import took 0.020848 seconds .

========================================================================
Received Import Request.
  Time since last request: 15.112246 seconds.
  path: Assets/Tile/sheet.png
  artifactKey: Guid(f03c1c7c1a163934087ad535f8505c44) Importer(815301076,1909f56bfc062723c751e8b465ee728b)
Start importing Assets/Tile/sheet.png using Guid(f03c1c7c1a163934087ad535f8505c44) Importer(815301076,1909f56bfc062723c751e8b465ee728b)  -> (artifact id: 'b60ddb4cb780fc89d6707e762baedbcb') in 0.015546 seconds
  Import took 0.019148 seconds .

========================================================================
Received Import Request.
  Time since last request: 119.723029 seconds.
  path: Assets/Tile/sheet.png
  artifactKey: Guid(f03c1c7c1a163934087ad535f8505c44) Importer(815301076,1909f56bfc062723c751e8b465ee728b)
Start importing Assets/Tile/sheet.png using Guid(f03c1c7c1a163934087ad535f8505c44) Importer(815301076,1909f56bfc062723c751e8b465ee728b)  -> (artifact id: '0323118669609b7e1b6b9ffd12f72f8c') in 0.190201 seconds
  Import took 0.193953 seconds .

========================================================================
Received Import Request.
  Time since last request: 27.117109 seconds.
  path: Assets/Tile/test.prefab
  artifactKey: Guid(5b4f87ad51254de48921ea4220d31587) Importer(815301076,1909f56bfc062723c751e8b465ee728b)
Start importing Assets/Tile/test.prefab using Guid(5b4f87ad51254de48921ea4220d31587) Importer(815301076,1909f56bfc062723c751e8b465ee728b)  -> (artifact id: '6e254e8fd47dfb2fc219a5d81957285c') in 0.005945 seconds
  Import took 0.009413 seconds .

========================================================================
Received Import Request.
  Time since last request: 16.846279 seconds.
  path: Assets/Tile/Rectangular Palette.prefab
  artifactKey: Guid(7e053b6a747207245a4a1e8452c3404b) Importer(815301076,1909f56bfc062723c751e8b465ee728b)
Start importing Assets/Tile/Rectangular Palette.prefab using Guid(7e053b6a747207245a4a1e8452c3404b) Importer(815301076,1909f56bfc062723c751e8b465ee728b)  -> (artifact id: 'd38d70be359d1ba5f8bad7b383329245') in 0.003131 seconds
  Import took 0.006807 seconds .

========================================================================
Received Import Request.
  Time since last request: 62.513893 seconds.
  path: Assets/Tile/test.prefab
  artifactKey: Guid(5b4f87ad51254de48921ea4220d31587) Importer(815301076,1909f56bfc062723c751e8b465ee728b)
Start importing Assets/Tile/test.prefab using Guid(5b4f87ad51254de48921ea4220d31587) Importer(815301076,1909f56bfc062723c751e8b465ee728b)  -> (artifact id: '1beb13092e2ca0fee1b31d27694a7856') in 0.003094 seconds
  Import took 0.006591 seconds .

========================================================================
Received Import Request.
  Time since last request: 171.321227 seconds.
  path: Assets/Tile/test.prefab
  artifactKey: Guid(5b4f87ad51254de48921ea4220d31587) Importer(815301076,1909f56bfc062723c751e8b465ee728b)
Start importing Assets/Tile/test.prefab using Guid(5b4f87ad51254de48921ea4220d31587) Importer(815301076,1909f56bfc062723c751e8b465ee728b)  -> (artifact id: '8ff08cc88814255a72face6ac4304e06') in 0.003818 seconds
  Import took 0.008012 seconds .

========================================================================
Received Import Request.
  Time since last request: 44.135166 seconds.
  path: Assets/sheet_1.asset
  artifactKey: Guid(aa9c43ccaf474a14cb9be018c2ca7e78) Importer(815301076,1909f56bfc062723c751e8b465ee728b)
Start importing Assets/sheet_1.asset using Guid(aa9c43ccaf474a14cb9be018c2ca7e78) Importer(815301076,1909f56bfc062723c751e8b465ee728b)  -> (artifact id: '0bb536df1417fe571f1c9de6472f9f23') in 0.043546 seconds
  Import took 0.047891 seconds .

========================================================================
Received Import Request.
  Time since last request: 0.005983 seconds.
  path: Assets/sheet_1.asset
  artifactKey: Guid(aa9c43ccaf474a14cb9be018c2ca7e78) Importer(815301076,1909f56bfc062723c751e8b465ee728b)
Start importing Assets/sheet_1.asset using Guid(aa9c43ccaf474a14cb9be018c2ca7e78) Importer(815301076,1909f56bfc062723c751e8b465ee728b)  -> (artifact id: '0bb536df1417fe571f1c9de6472f9f23') in 0.009988 seconds
  Import took 0.013215 seconds .

========================================================================
Received Import Request.
  Time since last request: 0.449234 seconds.
  path: Assets/sheet_0.asset
  artifactKey: Guid(52a2fcce629c27e4a9bfdd6e7db0d241) Importer(815301076,1909f56bfc062723c751e8b465ee728b)
Start importing Assets/sheet_0.asset using Guid(52a2fcce629c27e4a9bfdd6e7db0d241) Importer(815301076,1909f56bfc062723c751e8b465ee728b)  -> (artifact id: '812579d6cf824c8d481940c37e829490') in 0.010674 seconds
  Import took 0.014348 seconds .

========================================================================
Received Import Request.
  Time since last request: 2.257690 seconds.
  path: Assets/sheet_94.asset
  artifactKey: Guid(ca57b1cf50a33d547ba3e64666f41003) Importer(815301076,1909f56bfc062723c751e8b465ee728b)
Start importing Assets/sheet_94.asset using Guid(ca57b1cf50a33d547ba3e64666f41003) Importer(815301076,1909f56bfc062723c751e8b465ee728b)  -> (artifact id: 'c67079949b18f1d0d536e5b92f2babc9') in 0.008976 seconds
  Import took 0.011982 seconds .

========================================================================
Received Import Request.
  Time since last request: 0.001194 seconds.
  path: Assets/sheet_94.asset
  artifactKey: Guid(ca57b1cf50a33d547ba3e64666f41003) Importer(815301076,1909f56bfc062723c751e8b465ee728b)
Start importing Assets/sheet_94.asset using Guid(ca57b1cf50a33d547ba3e64666f41003) Importer(815301076,1909f56bfc062723c751e8b465ee728b)  -> (artifact id: 'c67079949b18f1d0d536e5b92f2babc9') in 0.007589 seconds
  Import took 0.010844 seconds .

========================================================================
Received Import Request.
  Time since last request: 183.251306 seconds.
  path: Assets/Tile/test.prefab
  artifactKey: Guid(5b4f87ad51254de48921ea4220d31587) Importer(815301076,1909f56bfc062723c751e8b465ee728b)
Start importing Assets/Tile/test.prefab using Guid(5b4f87ad51254de48921ea4220d31587) Importer(815301076,1909f56bfc062723c751e8b465ee728b)  -> (artifact id: '0f51d3410a84c3a1cca7d4cc133bde7e') in 0.003669 seconds
  Import took 0.007401 seconds .

========================================================================
Received Import Request.
  Time since last request: 251.632737 seconds.
  path: Assets/Tile/sheet.png
  artifactKey: Guid(f03c1c7c1a163934087ad535f8505c44) Importer(815301076,1909f56bfc062723c751e8b465ee728b)
Start importing Assets/Tile/sheet.png using Guid(f03c1c7c1a163934087ad535f8505c44) Importer(815301076,1909f56bfc062723c751e8b465ee728b)  -> (artifact id: '73036eb2ec21484d2dc3231e57226cf1') in 0.196170 seconds
  Import took 0.200729 seconds .

========================================================================
Received Import Request.
  Time since last request: 15.469429 seconds.
  path: Assets/Tile/sheet_2.asset
  artifactKey: Guid(02869cf794c93924ab137a9505bd7250) Importer(815301076,1909f56bfc062723c751e8b465ee728b)
Start importing Assets/Tile/sheet_2.asset using Guid(02869cf794c93924ab137a9505bd7250) Importer(815301076,1909f56bfc062723c751e8b465ee728b)  -> (artifact id: '6acfcda41901aff69eb13ce59286a5c7') in 0.012738 seconds
  Import took 0.016309 seconds .

========================================================================
Received Import Request.
  Time since last request: 0.679737 seconds.
  path: Assets/Tile/sheet_0.asset
  artifactKey: Guid(dbb37fc50925f1a4089bdbc81884bdd4) Importer(815301076,1909f56bfc062723c751e8b465ee728b)
Start importing Assets/Tile/sheet_0.asset using Guid(dbb37fc50925f1a4089bdbc81884bdd4) Importer(815301076,1909f56bfc062723c751e8b465ee728b)  -> (artifact id: '32c9d6729b6e3ff042bb5f20a4d869c8') in 0.009867 seconds
  Import took 0.013838 seconds .

========================================================================
Received Import Request.
  Time since last request: 0.459551 seconds.
  path: Assets/Tile/sheet_1.asset
  artifactKey: Guid(d7ee3b118a7fa094fa87bbb843f5154a) Importer(815301076,1909f56bfc062723c751e8b465ee728b)
Start importing Assets/Tile/sheet_1.asset using Guid(d7ee3b118a7fa094fa87bbb843f5154a) Importer(815301076,1909f56bfc062723c751e8b465ee728b)  -> (artifact id: 'e6d8993c3b57309d66cc265ee842f91a') in 0.012143 seconds
  Import took 0.016189 seconds .

========================================================================
Received Import Request.
  Time since last request: 0.560747 seconds.
  path: Assets/Tile/sheet_3.asset
  artifactKey: Guid(b89240208b42b3247a3856d905c798ae) Importer(815301076,1909f56bfc062723c751e8b465ee728b)
Start importing Assets/Tile/sheet_3.asset using Guid(b89240208b42b3247a3856d905c798ae) Importer(815301076,1909f56bfc062723c751e8b465ee728b)  -> (artifact id: '2e24bc0631fb841c8da7799320b14f37') in 0.010355 seconds
  Import took 0.013962 seconds .

========================================================================
Received Import Request.
  Time since last request: 0.502536 seconds.
  path: Assets/Tile/sheet_8.asset
  artifactKey: Guid(0ca3ac67b91bb734fba5efde77ebf844) Importer(815301076,1909f56bfc062723c751e8b465ee728b)
Start importing Assets/Tile/sheet_8.asset using Guid(0ca3ac67b91bb734fba5efde77ebf844) Importer(815301076,1909f56bfc062723c751e8b465ee728b)  -> (artifact id: '2832f5aabe58bda422fa8de42a84cdf2') in 0.010242 seconds
  Import took 0.014375 seconds .

========================================================================
Received Import Request.
  Time since last request: 28.679685 seconds.
  path: Assets/Tile/sheet.png
  artifactKey: Guid(f03c1c7c1a163934087ad535f8505c44) Importer(815301076,1909f56bfc062723c751e8b465ee728b)
Start importing Assets/Tile/sheet.png using Guid(f03c1c7c1a163934087ad535f8505c44) Importer(815301076,1909f56bfc062723c751e8b465ee728b)  -> (artifact id: 'df024e622092cc7a7bbab7906b3a7e89') in 0.233204 seconds
  Import took 0.236622 seconds .

========================================================================
Received Import Request.
  Time since last request: 73.031790 seconds.
  path: Assets/Tile/sheet.png
  artifactKey: Guid(f03c1c7c1a163934087ad535f8505c44) Importer(815301076,1909f56bfc062723c751e8b465ee728b)
Start importing Assets/Tile/sheet.png using Guid(f03c1c7c1a163934087ad535f8505c44) Importer(815301076,1909f56bfc062723c751e8b465ee728b)  -> (artifact id: '5dcbd63a21cbd76a8b87a12c2e9d0210') in 0.236369 seconds
  Import took 0.240085 seconds .

========================================================================
Received Import Request.
  Time since last request: 187.103124 seconds.
  path: Assets/Tile/sheet_5.asset
  artifactKey: Guid(b69460720d2d51a43afb38a789c0dc38) Importer(815301076,1909f56bfc062723c751e8b465ee728b)
Start importing Assets/Tile/sheet_5.asset using Guid(b69460720d2d51a43afb38a789c0dc38) Importer(815301076,1909f56bfc062723c751e8b465ee728b)  -> (artifact id: '342a70a1b86bcb3d5c9ac28e98059212') in 0.011561 seconds
  Import took 0.015872 seconds .

========================================================================
Received Import Request.
  Time since last request: 175.952262 seconds.
  path: Assets/Tile/sheet.png
  artifactKey: Guid(f03c1c7c1a163934087ad535f8505c44) Importer(815301076,1909f56bfc062723c751e8b465ee728b)
Start importing Assets/Tile/sheet.png using Guid(f03c1c7c1a163934087ad535f8505c44) Importer(815301076,1909f56bfc062723c751e8b465ee728b)  -> (artifact id: '1d195128212895eecf6911d80828bd34') in 0.216579 seconds
  Import took 0.220340 seconds .

========================================================================
Received Prepare
Registering precompiled user dll's ...
Registered in 0.000918 seconds.
Begin MonoManager ReloadAssembly
Native extension for WindowsStandalone target not found
Refreshing native plugins compatible for Editor in 0.38 ms, found 1 plugins.
Preloading 0 native plugins for Editor in 0.00 ms.
Mono: successfully reloaded assembly
- Completed reload, in  0.939 seconds
Platform modules already initialized, skipping
Refreshing native plugins compatible for Editor in 0.44 ms, found 1 plugins.
Preloading 0 native plugins for Editor in 0.00 ms.
Unloading 1803 Unused Serialized files (Serialized files now loaded: 0)
System memory in use before: 88.6 MB.
System memory in use after: 88.6 MB.

Unloading 12 unused Assets to reduce memory usage. Loaded Objects now: 2276.
Total: 3.172100 ms (FindLiveObjects: 0.211900 ms CreateObjectMapping: 0.088400 ms MarkObjects: 2.666500 ms  DeleteObjects: 0.203800 ms)

========================================================================
Received Import Request.
  Time since last request: 468.155992 seconds.
  path: Assets/Tile/test.prefab
  artifactKey: Guid(5b4f87ad51254de48921ea4220d31587) Importer(815301076,1909f56bfc062723c751e8b465ee728b)
Start importing Assets/Tile/test.prefab using Guid(5b4f87ad51254de48921ea4220d31587) Importer(815301076,1909f56bfc062723c751e8b465ee728b)  -> (artifact id: '78dd9197975867980e1b66a6e2929707') in 0.027904 seconds
  Import took 0.031115 seconds .

========================================================================
Received Import Request.
  Time since last request: 10.588759 seconds.
  path: Assets/Tile/test.prefab
  artifactKey: Guid(5b4f87ad51254de48921ea4220d31587) Importer(815301076,1909f56bfc062723c751e8b465ee728b)
Start importing Assets/Tile/test.prefab using Guid(5b4f87ad51254de48921ea4220d31587) Importer(815301076,1909f56bfc062723c751e8b465ee728b)  -> (artifact id: '3e85259cb9f898696195deb615fdb219') in 0.004182 seconds
  Import took 0.007573 seconds .

========================================================================
Received Import Request.
  Time since last request: 0.023090 seconds.
  path: Assets/Tile/test.prefab
  artifactKey: Guid(5b4f87ad51254de48921ea4220d31587) Importer(815301076,1909f56bfc062723c751e8b465ee728b)
Start importing Assets/Tile/test.prefab using Guid(5b4f87ad51254de48921ea4220d31587) Importer(815301076,1909f56bfc062723c751e8b465ee728b)  -> (artifact id: '3e85259cb9f898696195deb615fdb219') in 0.003730 seconds
  Import took 0.007580 seconds .

========================================================================
Received Import Request.
  Time since last request: 18.555196 seconds.
  path: Assets/Tile/test.prefab
  artifactKey: Guid(5b4f87ad51254de48921ea4220d31587) Importer(815301076,1909f56bfc062723c751e8b465ee728b)
Start importing Assets/Tile/test.prefab using Guid(5b4f87ad51254de48921ea4220d31587) Importer(815301076,1909f56bfc062723c751e8b465ee728b)  -> (artifact id: '9282433795b2cd54969d8b2f5ef1302b') in 0.003537 seconds
  Import took 0.007093 seconds .

========================================================================
Received Prepare
Registering precompiled user dll's ...
Registered in 0.000888 seconds.
Begin MonoManager ReloadAssembly
Native extension for WindowsStandalone target not found
Refreshing native plugins compatible for Editor in 0.53 ms, found 1 plugins.
Preloading 0 native plugins for Editor in 0.00 ms.
Mono: successfully reloaded assembly
- Completed reload, in  0.932 seconds
Platform modules already initialized, skipping
Refreshing native plugins compatible for Editor in 0.48 ms, found 1 plugins.
Preloading 0 native plugins for Editor in 0.00 ms.
Unloading 1803 Unused Serialized files (Serialized files now loaded: 0)
System memory in use before: 88.7 MB.
System memory in use after: 88.7 MB.

Unloading 12 unused Assets to reduce memory usage. Loaded Objects now: 2280.
Total: 2.726100 ms (FindLiveObjects: 0.209600 ms CreateObjectMapping: 0.075000 ms MarkObjects: 2.310600 ms  DeleteObjects: 0.129400 ms)

AssetImportWorkerClient::OnTransportError - code=2 error=End of file
